GAS LISTING C:\Users\letic\AppData\Local\Temp\cccO1OSC.s 			page 1


   1               		.file	"main.cpp"
   2               	__SP_H__ = 0x3e
   3               	__SP_L__ = 0x3d
   4               	__SREG__ = 0x3f
   5               	__tmp_reg__ = 0
   6               	__zero_reg__ = 1
   7               		.text
   8               		.section	.text._Z7getTickv,"ax",@progbits
   9               		.weak	_Z7getTickv
  11               	_Z7getTickv:
  12               	/* prologue: function */
  13               	/* frame size = 0 */
  14               	/* stack size = 0 */
  15               	.L__stack_usage = 0
  16 0000 60E0      		ldi r22,0
  17 0002 70E0      		ldi r23,0
  18 0004 CB01      		movw r24,r22
  19               	/* epilogue start */
  20 0006 0895      		ret
  22               		.section	.text.main,"ax",@progbits
  23               	.global	main
  25               	main:
  26 0000 00D0      		rcall .
  27 0002 00D0      		rcall .
  28 0004 0F92      		push __tmp_reg__
  29 0006 CDB7      		in r28,__SP_L__
  30 0008 DEB7      		in r29,__SP_H__
  31               	/* prologue: function */
  32               	/* frame size = 5 */
  33               	/* stack size = 5 */
  34               	.L__stack_usage = 5
  35 000a 40E8      		ldi r20,lo8(-128)
  36 000c 55E2      		ldi r21,lo8(37)
  37 000e 60E0      		ldi r22,0
  38 0010 70E0      		ldi r23,0
  39 0012 80E0      		ldi r24,lo8(usart0)
  40 0014 90E0      		ldi r25,hi8(usart0)
  41 0016 0E94 0000 		call _ZN6Usart011setBaudRateENS_8BaudRateE
  42 001a E1EC      		ldi r30,lo8(-63)
  43 001c F0E0      		ldi r31,0
  44 001e 8081      		ld r24,Z
  45 0020 8061      		ori r24,lo8(16)
  46 0022 8083      		st Z,r24
  47 0024 8081      		ld r24,Z
  48 0026 8860      		ori r24,lo8(8)
  49 0028 8083      		st Z,r24
  50 002a 8081      		ld r24,Z
  51 002c 8068      		ori r24,lo8(-128)
  52 002e 8083      		st Z,r24
  53 0030 80E0      		ldi r24,lo8(usart0)
  54 0032 90E0      		ldi r25,hi8(usart0)
  55 0034 0E94 0000 		call _ZN6Usart04initEv
  56               	/* #APP */
  57               	 ;  24 "main.cpp" 1
  58 0038 7894      		sei
  59               	 ;  0 "" 2
  60               	/* #NOAPP */
GAS LISTING C:\Users\letic\AppData\Local\Temp\cccO1OSC.s 			page 2


  61 003a 00C0      		rjmp .L3
  62               	.L4:
  63 003c 1092 0000 		sts receivedFlag,__zero_reg__
  64               	.L3:
  65 0040 8091 0000 		lds r24,receivedFlag
  66 0044 8823      		tst r24
  67 0046 01F0      		breq .L3
  68 0048 8091 0000 		lds r24,receivedStatus
  69 004c 8111      		cpse r24,__zero_reg__
  70 004e 00C0      		rjmp .L4
  71 0050 60E0      		ldi r22,lo8(receivedData)
  72 0052 70E0      		ldi r23,hi8(receivedData)
  73 0054 CE01      		movw r24,r28
  74 0056 0196      		adiw r24,1
  75 0058 0E94 0000 		call _ZN13ProcessarJSONC1EPKc
  76 005c 00C0      		rjmp .L4
  78               		.section	.text._Z30usartReceptionCompleteCallbackv,"ax",@progbits
  79               	.global	_Z30usartReceptionCompleteCallbackv
  81               	_Z30usartReceptionCompleteCallbackv:
  82               	/* prologue: function */
  83               	/* frame size = 0 */
  84               	/* stack size = 0 */
  85               	.L__stack_usage = 0
  86 0000 60E0      		ldi r22,lo8(receivedStatus)
  87 0002 70E0      		ldi r23,hi8(receivedStatus)
  88 0004 80E0      		ldi r24,lo8(usart0)
  89 0006 90E0      		ldi r25,hi8(usart0)
  90 0008 0E94 0000 		call _ZN6Usart018getReceptionStatusEPNS_14ReceptionErrorE
  91 000c 8091 C600 		lds r24,198
  92 0010 8093 0000 		sts receivedData,r24
  93 0014 81E0      		ldi r24,lo8(1)
  94 0016 8093 0000 		sts receivedFlag,r24
  95               	/* epilogue start */
  96 001a 0895      		ret
  98               	.global	receivedFlag
  99               		.section	.bss.receivedFlag,"aw",@nobits
 102               	receivedFlag:
 103 0000 00        		.zero	1
 104               	.global	receivedStatus
 105               		.section	.bss.receivedStatus,"aw",@nobits
 108               	receivedStatus:
 109 0000 00        		.zero	1
 110               	.global	receivedData
 111               		.section	.bss.receivedData,"aw",@nobits
 114               	receivedData:
 115 0000 00        		.zero	1
 116               		.ident	"GCC: (GNU) 12.1.0"
 117               	.global __do_clear_bss
GAS LISTING C:\Users\letic\AppData\Local\Temp\cccO1OSC.s 			page 3


DEFINED SYMBOLS
                            *ABS*:0000000000000000 main.cpp
C:\Users\letic\AppData\Local\Temp\cccO1OSC.s:2      *ABS*:000000000000003e __SP_H__
C:\Users\letic\AppData\Local\Temp\cccO1OSC.s:3      *ABS*:000000000000003d __SP_L__
C:\Users\letic\AppData\Local\Temp\cccO1OSC.s:4      *ABS*:000000000000003f __SREG__
C:\Users\letic\AppData\Local\Temp\cccO1OSC.s:5      *ABS*:0000000000000000 __tmp_reg__
C:\Users\letic\AppData\Local\Temp\cccO1OSC.s:6      *ABS*:0000000000000001 __zero_reg__
C:\Users\letic\AppData\Local\Temp\cccO1OSC.s:11     .text._Z7getTickv:0000000000000000 _Z7getTickv
C:\Users\letic\AppData\Local\Temp\cccO1OSC.s:25     .text.main:0000000000000000 main
C:\Users\letic\AppData\Local\Temp\cccO1OSC.s:26     .text.main:0000000000000002 L0
C:\Users\letic\AppData\Local\Temp\cccO1OSC.s:27     .text.main:0000000000000004 L0
C:\Users\letic\AppData\Local\Temp\cccO1OSC.s:102    .bss.receivedFlag:0000000000000000 receivedFlag
C:\Users\letic\AppData\Local\Temp\cccO1OSC.s:108    .bss.receivedStatus:0000000000000000 receivedStatus
C:\Users\letic\AppData\Local\Temp\cccO1OSC.s:114    .bss.receivedData:0000000000000000 receivedData
C:\Users\letic\AppData\Local\Temp\cccO1OSC.s:81     .text._Z30usartReceptionCompleteCallbackv:0000000000000000 _Z30usartReceptionCompleteCallbackv
C:\Users\letic\AppData\Local\Temp\cccO1OSC.s:64     .text.main:0000000000000040 .L3
C:\Users\letic\AppData\Local\Temp\cccO1OSC.s:62     .text.main:000000000000003c .L4

UNDEFINED SYMBOLS
usart0
_ZN6Usart011setBaudRateENS_8BaudRateE
_ZN6Usart04initEv
_ZN13ProcessarJSONC1EPKc
_ZN6Usart018getReceptionStatusEPNS_14ReceptionErrorE
__do_clear_bss
