GAS LISTING C:\Users\letic\AppData\Local\Temp\cchdij14.s 			page 1


   1               		.file	"ProcessarJSON.cpp"
   2               	__SP_H__ = 0x3e
   3               	__SP_L__ = 0x3d
   4               	__SREG__ = 0x3f
   5               	__tmp_reg__ = 0
   6               	__zero_reg__ = 1
   7               		.text
   8               		.section	.text._Z7getTickv,"ax",@progbits
   9               		.weak	_Z7getTickv
  11               	_Z7getTickv:
  12               	/* prologue: function */
  13               	/* frame size = 0 */
  14               	/* stack size = 0 */
  15               	.L__stack_usage = 0
  16 0000 60E0      		ldi r22,0
  17 0002 70E0      		ldi r23,0
  18 0004 CB01      		movw r24,r22
  19               	/* epilogue start */
  20 0006 0895      		ret
  22               		.section	.rodata._ZN13ProcessarJSON6msgLedEPKc.str1.1,"aMS",@progbits,1
  23               	.LC0:
  24 0000 6573 7461 		.string	"estado"
  24      646F 00
  25               	.LC1:
  26 0007 4944 5F4C 		.string	"ID_LED"
  26      4544 00
  27               		.section	.text._ZN13ProcessarJSON6msgLedEPKc,"ax",@progbits
  28               	.global	_ZN13ProcessarJSON6msgLedEPKc
  30               	_ZN13ProcessarJSON6msgLedEPKc:
  31 0000 EF92      		push r14
  32 0002 FF92      		push r15
  33 0004 0F93      		push r16
  34 0006 1F93      		push r17
  35 0008 CF93      		push r28
  36 000a DF93      		push r29
  37               	/* prologue: function */
  38               	/* frame size = 0 */
  39               	/* stack size = 6 */
  40               	.L__stack_usage = 6
  41 000c C82F      		mov r28,r24
  42 000e D92F      		mov r29,r25
  43 0010 062F      		mov r16,r22
  44 0012 172F      		mov r17,r23
  45 0014 60E0      		ldi r22,lo8(.LC0)
  46 0016 70E0      		ldi r23,hi8(.LC0)
  47 0018 802F      		mov r24,r16
  48 001a 912F      		mov r25,r17
  49 001c 0E94 0000 		call strstr
  50 0020 E82E      		mov r14,r24
  51 0022 F92E      		mov r15,r25
  52 0024 60E0      		ldi r22,lo8(.LC1)
  53 0026 70E0      		ldi r23,hi8(.LC1)
  54 0028 802F      		mov r24,r16
  55 002a 912F      		mov r25,r17
  56 002c 0E94 0000 		call strstr
  57 0030 0696      		adiw r24,6
  58 0032 0E94 0000 		call atoi
GAS LISTING C:\Users\letic\AppData\Local\Temp\cchdij14.s 			page 2


  59 0036 9983      		std Y+1,r25
  60 0038 8883      		st Y,r24
  61 003a C701      		movw r24,r14
  62 003c 0796      		adiw r24,7
  63 003e 0E94 0000 		call atoi
  64 0042 9C01      		movw r18,r24
  65 0044 91E0      		ldi r25,lo8(1)
  66 0046 2130      		cpi r18,1
  67 0048 3105      		cpc r19,__zero_reg__
  68 004a 01F0      		breq .L3
  69 004c 90E0      		ldi r25,0
  70               	.L3:
  71 004e 9A83      		std Y+2,r25
  72 0050 83E0      		ldi r24,lo8(3)
  73 0052 90E0      		ldi r25,0
  74 0054 0E94 0000 		call _Znwj
  75 0058 082F      		mov r16,r24
  76 005a 192F      		mov r17,r25
  77 005c 6881      		ld r22,Y
  78 005e 7981      		ldd r23,Y+1
  79 0060 4A81      		ldd r20,Y+2
  80 0062 0E94 0000 		call _ZN3LedC1Eib
  81 0066 0B83      		std Y+3,r16
  82 0068 1C83      		std Y+4,r17
  83               	/* epilogue start */
  84 006a DF91      		pop r29
  85 006c CF91      		pop r28
  86 006e 1F91      		pop r17
  87 0070 0F91      		pop r16
  88 0072 FF90      		pop r15
  89 0074 EF90      		pop r14
  90 0076 0895      		ret
  92               		.section	.text._ZN13ProcessarJSONC2EPKc,"ax",@progbits
  93               	.global	_ZN13ProcessarJSONC2EPKc
  95               	_ZN13ProcessarJSONC2EPKc:
  96 0000 0F93      		push r16
  97 0002 1F93      		push r17
  98 0004 CF93      		push r28
  99 0006 DF93      		push r29
 100 0008 00D0      		rcall .
 101 000a 00D0      		rcall .
 102 000c 0F92      		push __tmp_reg__
 103 000e CDB7      		in r28,__SP_L__
 104 0010 DEB7      		in r29,__SP_H__
 105               	/* prologue: function */
 106               	/* frame size = 5 */
 107               	/* stack size = 9 */
 108               	.L__stack_usage = 9
 109 0012 062F      		mov r16,r22
 110 0014 172F      		mov r17,r23
 111 0016 60E0      		ldi r22,lo8(.LC1)
 112 0018 70E0      		ldi r23,hi8(.LC1)
 113 001a 802F      		mov r24,r16
 114 001c 912F      		mov r25,r17
 115 001e 0E94 0000 		call strstr
 116 0022 892B      		or r24,r25
 117 0024 01F0      		breq .L4
GAS LISTING C:\Users\letic\AppData\Local\Temp\cchdij14.s 			page 3


 118 0026 602F      		mov r22,r16
 119 0028 712F      		mov r23,r17
 120 002a CE01      		movw r24,r28
 121 002c 0196      		adiw r24,1
 122 002e 0E94 0000 		call _ZN13ProcessarJSONC1EPKc
 123 0032 602F      		mov r22,r16
 124 0034 712F      		mov r23,r17
 125 0036 CE01      		movw r24,r28
 126 0038 0196      		adiw r24,1
 127 003a 0E94 0000 		call _ZN13ProcessarJSON6msgLedEPKc
 128               	.L4:
 129               	/* epilogue start */
 130 003e 0F90      		pop __tmp_reg__
 131 0040 0F90      		pop __tmp_reg__
 132 0042 0F90      		pop __tmp_reg__
 133 0044 0F90      		pop __tmp_reg__
 134 0046 0F90      		pop __tmp_reg__
 135 0048 DF91      		pop r29
 136 004a CF91      		pop r28
 137 004c 1F91      		pop r17
 138 004e 0F91      		pop r16
 139 0050 0895      		ret
 141               	.global	_ZN13ProcessarJSONC1EPKc
 142               		.set	_ZN13ProcessarJSONC1EPKc,_ZN13ProcessarJSONC2EPKc
 143               		.ident	"GCC: (GNU) 12.1.0"
 144               	.global __do_copy_data
GAS LISTING C:\Users\letic\AppData\Local\Temp\cchdij14.s 			page 4


DEFINED SYMBOLS
                            *ABS*:0000000000000000 ProcessarJSON.cpp
C:\Users\letic\AppData\Local\Temp\cchdij14.s:2      *ABS*:000000000000003e __SP_H__
C:\Users\letic\AppData\Local\Temp\cchdij14.s:3      *ABS*:000000000000003d __SP_L__
C:\Users\letic\AppData\Local\Temp\cchdij14.s:4      *ABS*:000000000000003f __SREG__
C:\Users\letic\AppData\Local\Temp\cchdij14.s:5      *ABS*:0000000000000000 __tmp_reg__
C:\Users\letic\AppData\Local\Temp\cchdij14.s:6      *ABS*:0000000000000001 __zero_reg__
C:\Users\letic\AppData\Local\Temp\cchdij14.s:11     .text._Z7getTickv:0000000000000000 _Z7getTickv
C:\Users\letic\AppData\Local\Temp\cchdij14.s:30     .text._ZN13ProcessarJSON6msgLedEPKc:0000000000000000 _ZN13ProcessarJSON6msgLedEPKc
C:\Users\letic\AppData\Local\Temp\cchdij14.s:95     .text._ZN13ProcessarJSONC2EPKc:0000000000000000 _ZN13ProcessarJSONC2EPKc
C:\Users\letic\AppData\Local\Temp\cchdij14.s:100    .text._ZN13ProcessarJSONC2EPKc:000000000000000a L0
C:\Users\letic\AppData\Local\Temp\cchdij14.s:101    .text._ZN13ProcessarJSONC2EPKc:000000000000000c L0
C:\Users\letic\AppData\Local\Temp\cchdij14.s:95     .text._ZN13ProcessarJSONC2EPKc:0000000000000000 _ZN13ProcessarJSONC1EPKc
C:\Users\letic\AppData\Local\Temp\cchdij14.s:70     .text._ZN13ProcessarJSON6msgLedEPKc:000000000000004e .L3
C:\Users\letic\AppData\Local\Temp\cchdij14.s:128    .text._ZN13ProcessarJSONC2EPKc:000000000000003e .L4

UNDEFINED SYMBOLS
strstr
atoi
_Znwj
_ZN3LedC1Eib
__do_copy_data
