GAS LISTING C:\Users\letic\AppData\Local\Temp\ccTzJNqY.s 			page 1


   1               		.file	"ProcessarPackage.cpp"
   2               	__SP_H__ = 0x3e
   3               	__SP_L__ = 0x3d
   4               	__SREG__ = 0x3f
   5               	__tmp_reg__ = 0
   6               	__zero_reg__ = 1
   7               		.text
   8               		.section	.text._Z7getTickv,"ax",@progbits
   9               		.weak	_Z7getTickv
  11               	_Z7getTickv:
  12               	/* prologue: function */
  13               	/* frame size = 0 */
  14               	/* stack size = 0 */
  15               	.L__stack_usage = 0
  16 0000 60E0      		ldi r22,0
  17 0002 70E0      		ldi r23,0
  18 0004 CB01      		movw r24,r22
  19               	/* epilogue start */
  20 0006 0895      		ret
  22               		.section	.rodata._ZN16ProcessarPackageC2EPcS0_.str1.1,"aMS",@progbits,1
  23               	.LC0:
  24 0000 4154 4151 		.string	"ATAQ"
  24      00
  25               	.LC1:
  26 0005 436F 6D6D 		.string	"Commando aquecedor!\r"
  26      616E 646F 
  26      2061 7175 
  26      6563 6564 
  26      6F72 210D 
  27               	.LC2:
  28 001a 3100      		.string	"1"
  29               	.LC3:
  30 001c 2020 2020 		.string	"    Ligar!\r"
  30      4C69 6761 
  30      7221 0D00 
  31               	.LC4:
  32 0028 3000      		.string	"0"
  33               	.LC5:
  34 002a 2020 2020 		.string	"    Desligar!\r"
  34      4465 736C 
  34      6967 6172 
  34      210D 00
  35               	.LC6:
  36 0039 3F00      		.string	"?"
  37               	.LC7:
  38 003b 2020 2020 		.string	"    Perguntar!\r"
  38      5065 7267 
  38      756E 7461 
  38      7221 0D00 
  39               	.LC8:
  40 004b 2020 2020 		.string	"    Opcao invalida!\r"
  40      4F70 6361 
  40      6F20 696E 
  40      7661 6C69 
  40      6461 210D 
  41               	.LC9:
  42 0060 4154 4C45 		.string	"ATLED"
GAS LISTING C:\Users\letic\AppData\Local\Temp\ccTzJNqY.s 			page 2


  42      4400 
  43               	.LC10:
  44 0066 436F 6D61 		.string	"Comando LED!\r"
  44      6E64 6F20 
  44      4C45 4421 
  44      0D00 
  45               	.LC11:
  46 0074 204C 6967 		.string	" Ligar LED 1! \r"
  46      6172 204C 
  46      4544 2031 
  46      2120 0D00 
  47               	.LC12:
  48 0084 4465 736C 		.string	"Desligar LED 1! \r"
  48      6967 6172 
  48      204C 4544 
  48      2031 2120 
  48      0D00 
  49               	.LC13:
  50 0096 2020 4F70 		.string	"  Opcao invalida!"
  50      6361 6F20 
  50      696E 7661 
  50      6C69 6461 
  50      2100 
  51               	.LC14:
  52 00a8 436F 6D6D 		.string	"Commando invalido!\r"
  52      616E 646F 
  52      2069 6E76 
  52      616C 6964 
  52      6F21 0D00 
  53               		.section	.text._ZN16ProcessarPackageC2EPcS0_,"ax",@progbits
  54               	.global	_ZN16ProcessarPackageC2EPcS0_
  56               	_ZN16ProcessarPackageC2EPcS0_:
  57 0000 0F93      		push r16
  58 0002 1F93      		push r17
  59 0004 CF93      		push r28
  60 0006 DF93      		push r29
  61               	/* prologue: function */
  62               	/* frame size = 0 */
  63               	/* stack size = 4 */
  64               	.L__stack_usage = 4
  65 0008 D62F      		mov r29,r22
  66 000a C72F      		mov r28,r23
  67 000c 042F      		mov r16,r20
  68 000e 152F      		mov r17,r21
  69 0010 60E0      		ldi r22,lo8(.LC0)
  70 0012 70E0      		ldi r23,hi8(.LC0)
  71 0014 8D2F      		mov r24,r29
  72 0016 9C2F      		mov r25,r28
  73 0018 0E94 0000 		call strcmp
  74 001c 892B      		or r24,r25
  75 001e 01F0      		breq .L11
  76 0020 60E0      		ldi r22,lo8(.LC9)
  77 0022 70E0      		ldi r23,hi8(.LC9)
  78 0024 8D2F      		mov r24,r29
  79 0026 9C2F      		mov r25,r28
  80 0028 0E94 0000 		call strcmp
  81 002c 892B      		or r24,r25
GAS LISTING C:\Users\letic\AppData\Local\Temp\ccTzJNqY.s 			page 3


  82 002e 01F0      		breq .+2
  83 0030 00C0      		rjmp .L8
  84 0032 80E0      		ldi r24,lo8(.LC10)
  85 0034 90E0      		ldi r25,hi8(.LC10)
  86 0036 9F93      		push r25
  87 0038 8F93      		push r24
  88 003a 0E94 0000 		call printf
  89 003e 60E0      		ldi r22,lo8(.LC2)
  90 0040 70E0      		ldi r23,hi8(.LC2)
  91 0042 802F      		mov r24,r16
  92 0044 912F      		mov r25,r17
  93 0046 0E94 0000 		call strcmp
  94 004a 0F90      		pop __tmp_reg__
  95 004c 0F90      		pop __tmp_reg__
  96 004e 892B      		or r24,r25
  97 0050 01F4      		brne .+2
  98 0052 00C0      		rjmp .L12
  99 0054 60E0      		ldi r22,lo8(.LC4)
 100 0056 70E0      		ldi r23,hi8(.LC4)
 101 0058 802F      		mov r24,r16
 102 005a 912F      		mov r25,r17
 103 005c 0E94 0000 		call strcmp
 104 0060 892B      		or r24,r25
 105 0062 01F0      		breq .+2
 106 0064 00C0      		rjmp .L10
 107 0066 80E0      		ldi r24,lo8(.LC12)
 108 0068 90E0      		ldi r25,hi8(.LC12)
 109 006a 9F93      		push r25
 110 006c 8F93      		push r24
 111 006e 0E94 0000 		call printf
 112 0072 0F90      		pop __tmp_reg__
 113 0074 0F90      		pop __tmp_reg__
 114 0076 00C0      		rjmp .L2
 115               	.L11:
 116 0078 80E0      		ldi r24,lo8(.LC1)
 117 007a 90E0      		ldi r25,hi8(.LC1)
 118 007c 9F93      		push r25
 119 007e 8F93      		push r24
 120 0080 0E94 0000 		call printf
 121 0084 60E0      		ldi r22,lo8(.LC2)
 122 0086 70E0      		ldi r23,hi8(.LC2)
 123 0088 802F      		mov r24,r16
 124 008a 912F      		mov r25,r17
 125 008c 0E94 0000 		call strcmp
 126 0090 0F90      		pop __tmp_reg__
 127 0092 0F90      		pop __tmp_reg__
 128 0094 892B      		or r24,r25
 129 0096 01F0      		breq .L13
 130 0098 60E0      		ldi r22,lo8(.LC4)
 131 009a 70E0      		ldi r23,hi8(.LC4)
 132 009c 802F      		mov r24,r16
 133 009e 912F      		mov r25,r17
 134 00a0 0E94 0000 		call strcmp
 135 00a4 892B      		or r24,r25
 136 00a6 01F0      		breq .L14
 137 00a8 60E0      		ldi r22,lo8(.LC6)
 138 00aa 70E0      		ldi r23,hi8(.LC6)
GAS LISTING C:\Users\letic\AppData\Local\Temp\ccTzJNqY.s 			page 4


 139 00ac 802F      		mov r24,r16
 140 00ae 912F      		mov r25,r17
 141 00b0 0E94 0000 		call strcmp
 142 00b4 892B      		or r24,r25
 143 00b6 01F4      		brne .L7
 144 00b8 80E0      		ldi r24,lo8(.LC7)
 145 00ba 90E0      		ldi r25,hi8(.LC7)
 146 00bc 9F93      		push r25
 147 00be 8F93      		push r24
 148 00c0 0E94 0000 		call printf
 149 00c4 0F90      		pop __tmp_reg__
 150 00c6 0F90      		pop __tmp_reg__
 151 00c8 00C0      		rjmp .L2
 152               	.L13:
 153 00ca 80E0      		ldi r24,lo8(.LC3)
 154 00cc 90E0      		ldi r25,hi8(.LC3)
 155 00ce 9F93      		push r25
 156 00d0 8F93      		push r24
 157 00d2 0E94 0000 		call printf
 158 00d6 0F90      		pop __tmp_reg__
 159 00d8 0F90      		pop __tmp_reg__
 160 00da 00C0      		rjmp .L2
 161               	.L14:
 162 00dc 80E0      		ldi r24,lo8(.LC5)
 163 00de 90E0      		ldi r25,hi8(.LC5)
 164 00e0 9F93      		push r25
 165 00e2 8F93      		push r24
 166 00e4 0E94 0000 		call printf
 167 00e8 0F90      		pop __tmp_reg__
 168 00ea 0F90      		pop __tmp_reg__
 169 00ec 00C0      		rjmp .L2
 170               	.L7:
 171 00ee 80E0      		ldi r24,lo8(.LC8)
 172 00f0 90E0      		ldi r25,hi8(.LC8)
 173 00f2 9F93      		push r25
 174 00f4 8F93      		push r24
 175 00f6 0E94 0000 		call printf
 176 00fa 0F90      		pop __tmp_reg__
 177 00fc 0F90      		pop __tmp_reg__
 178 00fe 00C0      		rjmp .L2
 179               	.L12:
 180 0100 80E0      		ldi r24,lo8(.LC11)
 181 0102 90E0      		ldi r25,hi8(.LC11)
 182 0104 9F93      		push r25
 183 0106 8F93      		push r24
 184 0108 0E94 0000 		call printf
 185 010c 0F90      		pop __tmp_reg__
 186 010e 0F90      		pop __tmp_reg__
 187 0110 00C0      		rjmp .L2
 188               	.L10:
 189 0112 80E0      		ldi r24,lo8(.LC13)
 190 0114 90E0      		ldi r25,hi8(.LC13)
 191 0116 0E94 0000 		call puts
 192 011a 00C0      		rjmp .L2
 193               	.L8:
 194 011c 80E0      		ldi r24,lo8(.LC14)
 195 011e 90E0      		ldi r25,hi8(.LC14)
GAS LISTING C:\Users\letic\AppData\Local\Temp\ccTzJNqY.s 			page 5


 196 0120 9F93      		push r25
 197 0122 8F93      		push r24
 198 0124 0E94 0000 		call printf
 199 0128 0F90      		pop __tmp_reg__
 200 012a 0F90      		pop __tmp_reg__
 201               	.L2:
 202               	/* epilogue start */
 203 012c DF91      		pop r29
 204 012e CF91      		pop r28
 205 0130 1F91      		pop r17
 206 0132 0F91      		pop r16
 207 0134 0895      		ret
 209               	.global	_ZN16ProcessarPackageC1EPcS0_
 210               		.set	_ZN16ProcessarPackageC1EPcS0_,_ZN16ProcessarPackageC2EPcS0_
 211               		.ident	"GCC: (GNU) 12.1.0"
 212               	.global __do_copy_data
GAS LISTING C:\Users\letic\AppData\Local\Temp\ccTzJNqY.s 			page 6


DEFINED SYMBOLS
                            *ABS*:0000000000000000 ProcessarPackage.cpp
C:\Users\letic\AppData\Local\Temp\ccTzJNqY.s:2      *ABS*:000000000000003e __SP_H__
C:\Users\letic\AppData\Local\Temp\ccTzJNqY.s:3      *ABS*:000000000000003d __SP_L__
C:\Users\letic\AppData\Local\Temp\ccTzJNqY.s:4      *ABS*:000000000000003f __SREG__
C:\Users\letic\AppData\Local\Temp\ccTzJNqY.s:5      *ABS*:0000000000000000 __tmp_reg__
C:\Users\letic\AppData\Local\Temp\ccTzJNqY.s:6      *ABS*:0000000000000001 __zero_reg__
C:\Users\letic\AppData\Local\Temp\ccTzJNqY.s:11     .text._Z7getTickv:0000000000000000 _Z7getTickv
C:\Users\letic\AppData\Local\Temp\ccTzJNqY.s:56     .text._ZN16ProcessarPackageC2EPcS0_:0000000000000000 _ZN16ProcessarPackageC2EPcS0_
C:\Users\letic\AppData\Local\Temp\ccTzJNqY.s:82     .text._ZN16ProcessarPackageC2EPcS0_:0000000000000030 L0
C:\Users\letic\AppData\Local\Temp\ccTzJNqY.s:97     .text._ZN16ProcessarPackageC2EPcS0_:0000000000000052 L0
C:\Users\letic\AppData\Local\Temp\ccTzJNqY.s:105    .text._ZN16ProcessarPackageC2EPcS0_:0000000000000064 L0
C:\Users\letic\AppData\Local\Temp\ccTzJNqY.s:56     .text._ZN16ProcessarPackageC2EPcS0_:0000000000000000 _ZN16ProcessarPackageC1EPcS0_
C:\Users\letic\AppData\Local\Temp\ccTzJNqY.s:115    .text._ZN16ProcessarPackageC2EPcS0_:0000000000000078 .L11
C:\Users\letic\AppData\Local\Temp\ccTzJNqY.s:193    .text._ZN16ProcessarPackageC2EPcS0_:000000000000011c .L8
C:\Users\letic\AppData\Local\Temp\ccTzJNqY.s:179    .text._ZN16ProcessarPackageC2EPcS0_:0000000000000100 .L12
C:\Users\letic\AppData\Local\Temp\ccTzJNqY.s:188    .text._ZN16ProcessarPackageC2EPcS0_:0000000000000112 .L10
C:\Users\letic\AppData\Local\Temp\ccTzJNqY.s:201    .text._ZN16ProcessarPackageC2EPcS0_:000000000000012c .L2
C:\Users\letic\AppData\Local\Temp\ccTzJNqY.s:152    .text._ZN16ProcessarPackageC2EPcS0_:00000000000000ca .L13
C:\Users\letic\AppData\Local\Temp\ccTzJNqY.s:161    .text._ZN16ProcessarPackageC2EPcS0_:00000000000000dc .L14
C:\Users\letic\AppData\Local\Temp\ccTzJNqY.s:170    .text._ZN16ProcessarPackageC2EPcS0_:00000000000000ee .L7

UNDEFINED SYMBOLS
strcmp
printf
puts
__do_copy_data
